<?xml version="1.0" encoding="UTF-8"?>
<testng-results ignored="0" total="2" passed="2" failed="0" skipped="0">
  <reporter-output>
  </reporter-output>
  <suite started-at="2024-10-22T19:49:33 IST" name="Default suite" finished-at="2024-10-22T19:51:29 IST" duration-ms="115953">
    <groups>
      <group name="cucumber">
        <method signature="AbstractTestNGCucumberTests.runScenario(io.cucumber.testng.PickleWrapper,io.cucumber.testng.FeatureWrapper)[pri:0, instance:execution.AddtocartRunner@79207381]" name="runScenario" class="io.cucumber.testng.AbstractTestNGCucumberTests"/>
      </group> <!-- cucumber -->
    </groups>
    <test started-at="2024-10-22T19:49:33 IST" name="Default test" finished-at="2024-10-22T19:51:29 IST" duration-ms="115953">
      <class name="execution.AddtocartRunner">
        <test-method is-config="true" signature="setUpClass()[pri:0, instance:execution.AddtocartRunner@79207381]" started-at="2024-10-22T19:49:33 IST" name="setUpClass" finished-at="2024-10-22T19:49:34 IST" duration-ms="1415" status="PASS">
          <reporter-output>
          </reporter-output>
        </test-method> <!-- setUpClass -->
        <test-method signature="runScenario(io.cucumber.testng.PickleWrapper,io.cucumber.testng.FeatureWrapper)[pri:0, instance:execution.AddtocartRunner@79207381]" started-at="2024-10-22T19:49:34 IST" name="runScenario" description="Runs Cucumber Scenarios" data-provider="scenarios" finished-at="2024-10-22T19:50:55 IST" duration-ms="80759" status="PASS">
          <params>
            <param index="0">
              <value>
                <![CDATA["User searches and adds items to the cart"]]>
              </value>
            </param>
            <param index="1">
              <value>
                <![CDATA["Optional[Check Shopping Cart fungtionality Adding and removing iteams]"]]>
              </value>
            </param>
          </params>
          <reporter-output>
          </reporter-output>
        </test-method> <!-- runScenario -->
        <test-method signature="runScenario(io.cucumber.testng.PickleWrapper,io.cucumber.testng.FeatureWrapper)[pri:0, instance:execution.AddtocartRunner@79207381]" started-at="2024-10-22T19:50:55 IST" name="runScenario" description="Runs Cucumber Scenarios" data-provider="scenarios" finished-at="2024-10-22T19:51:20 IST" duration-ms="24575" status="PASS">
          <params>
            <param index="0">
              <value>
                <![CDATA["validate sign up functinality"]]>
              </value>
            </param>
            <param index="1">
              <value>
                <![CDATA["Optional[to test signup functionality  cart functionality]"]]>
              </value>
            </param>
          </params>
          <reporter-output>
          </reporter-output>
        </test-method> <!-- runScenario -->
        <test-method is-config="true" signature="tearDownClass()[pri:0, instance:execution.AddtocartRunner@79207381]" started-at="2024-10-22T19:51:20 IST" name="tearDownClass" finished-at="2024-10-22T19:51:29 IST" duration-ms="9109" status="PASS">
          <reporter-output>
          </reporter-output>
        </test-method> <!-- tearDownClass -->
      </class> <!-- execution.AddtocartRunner -->
    </test> <!-- Default test -->
  </suite> <!-- Default suite -->
</testng-results>
