<?xml version="1.0" encoding="UTF-8"?>
<!-- Generated by org.testng.reporters.JUnitReportReporter -->
<testsuite hostname="DESKTOP-ODCJALQ" failures="1" tests="1" name="execution.RunnerSignup" time="27.627" errors="0" timestamp="2024-10-20T15:14:26 IST" skipped="0">
  <testcase classname="execution.RunnerSignup" name="runScenario" time="27.627">
    <failure message="expected [true] but found [false]" type="java.lang.AssertionError">
      <![CDATA[java.lang.AssertionError: expected [true] but found [false]
at org.testng.Assert.fail(Assert.java:110)
at org.testng.Assert.failNotEquals(Assert.java:1577)
at org.testng.Assert.assertTrue(Assert.java:56)
at org.testng.Assert.assertTrue(Assert.java:66)
at execution.SignupSteps.the_user_should_be_logged_in_successfully(SignupSteps.java:89)
at ✽.the user logged in successfully(file:///C:/Users/Prashant/eclipse-workspace/com.bookscart/src/test/resources/execution/signup.feature:11)
]]>
    </failure>
  </testcase> <!-- runScenario -->
  <system-out/>
</testsuite> <!-- execution.RunnerSignup -->
